\BOOKMARK [0][-]{chapter.1}{\376\377\000I\000n\000t\000r\000o\000d\000u\000c\000t\000i\000o\000n}{}% 1
\BOOKMARK [1][-]{section.1.1}{\376\377\000A\000p\000p\000r\000o\000a\000c\000h\000e\000d\000\040\000D\000o\000m\000a\000i\000n\000s}{chapter.1}% 2
\BOOKMARK [1][-]{section.1.2}{\376\377\000C\000o\000n\000t\000e\000x\000t\000\040\000a\000n\000d\000\040\000M\000o\000t\000i\000v\000a\000t\000i\000o\000n}{chapter.1}% 3
\BOOKMARK [1][-]{section.1.3}{\376\377\000G\000e\000n\000e\000r\000a\000l\000\040\000S\000p\000e\000c\000i\000f\000i\000c\000a\000t\000i\000o\000n\000s}{chapter.1}% 4
\BOOKMARK [1][-]{section.1.4}{\376\377\000M\000a\000i\000n\000\040\000R\000e\000s\000u\000l\000t\000s}{chapter.1}% 5
\BOOKMARK [1][-]{section.1.5}{\376\377\000S\000t\000r\000u\000c\000t\000u\000r\000e\000\040\000o\000f\000\040\000t\000h\000e\000\040\000P\000r\000o\000j\000e\000c\000t}{chapter.1}% 6
\BOOKMARK [0][-]{chapter.2}{\376\377\000S\000t\000a\000t\000e\000\040\000o\000f\000\040\000t\000h\000e\000\040\000A\000r\000t}{}% 7
\BOOKMARK [1][-]{section.2.1}{\376\377\000P\000I\000D\000\040\000C\000o\000n\000t\000r\000o\000l}{chapter.2}% 8
\BOOKMARK [1][-]{section.2.2}{\376\377\000F\000u\000z\000z\000y\000\040\000L\000o\000g\000i\000c\000\040\000a\000n\000d\000\040\000F\000u\000z\000z\000y\000\040\000C\000o\000n\000t\000r\000o\000l}{chapter.2}% 9
\BOOKMARK [1][-]{section.2.3}{\376\377\000D\000e\000p\000t\000h\000-\000F\000i\000r\000s\000t\000\040\000S\000e\000a\000r\000c\000h\000\040\000f\000o\000r\000\040\000M\000a\000z\000e\000\040\000S\000o\000l\000v\000i\000n\000g}{chapter.2}% 10
\BOOKMARK [0][-]{chapter.3}{\376\377\000G\000e\000n\000e\000r\000a\000l\000\040\000D\000e\000s\000c\000r\000i\000p\000t\000i\000o\000n}{}% 11
\BOOKMARK [1][-]{section.3.1}{\376\377\000S\000y\000s\000t\000e\000m\000\040\000O\000v\000e\000r\000v\000i\000e\000w}{chapter.3}% 12
\BOOKMARK [1][-]{section.3.2}{\376\377\000H\000a\000r\000d\000w\000a\000r\000e\000\040\000C\000o\000n\000f\000i\000g\000u\000r\000a\000t\000i\000o\000n}{chapter.3}% 13
\BOOKMARK [1][-]{section.3.3}{\376\377\000S\000o\000f\000t\000w\000a\000r\000e\000\040\000A\000r\000c\000h\000i\000t\000e\000c\000t\000u\000r\000e}{chapter.3}% 14
\BOOKMARK [0][-]{chapter.4}{\376\377\000I\000m\000p\000l\000e\000m\000e\000n\000t\000a\000t\000i\000o\000n}{}% 15
\BOOKMARK [1][-]{section.4.1}{\376\377\000T\000h\000e\000\040\000L\000a\000n\000e\000\040\000K\000e\000e\000p\000i\000n\000g\000\040\000M\000o\000d\000u\000l\000e}{chapter.4}% 16
\BOOKMARK [2][-]{subsection.4.1.1}{\376\377\000T\000a\000s\000k\000\040\000D\000e\000s\000c\000r\000i\000p\000t\000i\000o\000n}{section.4.1}% 17
\BOOKMARK [2][-]{subsection.4.1.2}{\376\377\000T\000h\000e\000\040\000L\000a\000n\000e\000\040\000K\000e\000e\000p\000i\000n\000g\000\040\000C\000o\000n\000t\000r\000o\000l\000l\000e\000r}{section.4.1}% 18
\BOOKMARK [2][-]{subsection.4.1.3}{\376\377\000P\000I\000D\000\040\000A\000l\000g\000o\000r\000i\000t\000h\000m}{section.4.1}% 19
\BOOKMARK [2][-]{subsection.4.1.4}{\376\377\000F\000u\000z\000z\000y\000\040\000P\000I\000\040\000A\000l\000g\000o\000r\000i\000t\000h\000m}{section.4.1}% 20
\BOOKMARK [2][-]{subsection.4.1.5}{\376\377\000F\000u\000z\000z\000y\000\040\000R\000u\000l\000e\000-\000B\000a\000s\000e\000d\000\040\000A\000l\000g\000o\000r\000i\000t\000h\000m}{section.4.1}% 21
\BOOKMARK [1][-]{section.4.2}{\376\377\000T\000h\000e\000\040\000M\000a\000z\000e\000\040\000S\000o\000l\000v\000e\000r\000\040\000M\000o\000d\000u\000l\000e}{chapter.4}% 22
\BOOKMARK [2][-]{subsection.4.2.1}{\376\377\000T\000a\000s\000k\000\040\000D\000e\000s\000c\000r\000i\000p\000t\000i\000o\000n}{section.4.2}% 23
\BOOKMARK [2][-]{subsection.4.2.2}{\376\377\000T\000h\000e\000\040\000M\000a\000z\000e\000M\000a\000p\000\040\000C\000l\000a\000s\000s}{section.4.2}% 24
\BOOKMARK [2][-]{subsection.4.2.3}{\376\377\000T\000h\000e\000\040\000M\000a\000z\000e\000S\000o\000l\000v\000e\000r\000C\000o\000n\000t\000r\000o\000l\000l\000e\000r}{section.4.2}% 25
\BOOKMARK [2][-]{subsection.4.2.4}{\376\377\000M\000a\000i\000n\000\040\000E\000x\000e\000c\000u\000t\000i\000o\000n\000\040\000L\000o\000o\000p}{section.4.2}% 26
\BOOKMARK [1][-]{section.4.3}{\376\377\000T\000h\000e\000\040\000T\000e\000l\000e\000m\000e\000t\000r\000y\000\040\000I\000n\000t\000e\000r\000f\000a\000c\000e}{chapter.4}% 27
\BOOKMARK [2][-]{subsection.4.3.1}{\376\377\000W\000i\000f\000i\000S\000t\000r\000e\000a\000m\000e\000r}{section.4.3}% 28
\BOOKMARK [2][-]{subsection.4.3.2}{\376\377\000P\000C\000\040\000R\000e\000c\000e\000i\000v\000e\000r\000\040\000a\000n\000d\000\040\000V\000i\000s\000u\000a\000l\000i\000z\000a\000t\000i\000o\000n}{section.4.3}% 29
\BOOKMARK [1][-]{section.4.4}{\376\377\000O\000b\000j\000e\000c\000t\000-\000O\000r\000i\000e\000n\000t\000e\000d\000\040\000A\000r\000c\000h\000i\000t\000e\000c\000t\000u\000r\000e}{chapter.4}% 30
\BOOKMARK [2][-]{subsection.4.4.1}{\376\377\000C\000l\000a\000s\000s\000\040\000H\000i\000e\000r\000a\000r\000c\000h\000y}{section.4.4}% 31
\BOOKMARK [2][-]{subsection.4.4.2}{\376\377\000S\000O\000L\000I\000D\000\040\000P\000r\000i\000n\000c\000i\000p\000l\000e\000s}{section.4.4}% 32
\BOOKMARK [2][-]{subsection.4.4.3}{\376\377\000F\000a\000c\000t\000o\000r\000y\000\040\000P\000a\000t\000t\000e\000r\000n}{section.4.4}% 33
\BOOKMARK [0][-]{chapter.5}{\376\377\000E\000x\000p\000e\000r\000i\000m\000e\000n\000t\000a\000l\000\040\000R\000e\000s\000u\000l\000t\000s}{}% 34
\BOOKMARK [1][-]{section.5.1}{\376\377\000E\000x\000p\000e\000r\000i\000m\000e\000n\000t\000a\000l\000\040\000S\000e\000t\000u\000p}{chapter.5}% 35
\BOOKMARK [1][-]{section.5.2}{\376\377\000L\000a\000n\000e\000\040\000K\000e\000e\000p\000i\000n\000g\000\040\000R\000e\000s\000u\000l\000t\000s}{chapter.5}% 36
\BOOKMARK [2][-]{subsection.5.2.1}{\376\377\000D\000i\000s\000t\000u\000r\000b\000a\000n\000c\000e\000\040\000O\000v\000e\000r\000\040\000T\000i\000m\000e}{section.5.2}% 37
\BOOKMARK [2][-]{subsection.5.2.2}{\376\377\000P\000e\000r\000f\000o\000r\000m\000a\000n\000c\000e\000\040\000C\000o\000m\000p\000a\000r\000i\000s\000o\000n}{section.5.2}% 38
\BOOKMARK [2][-]{subsection.5.2.3}{\376\377\000T\000u\000r\000n\000\040\000R\000a\000t\000e\000\040\000O\000u\000t\000p\000u\000t}{section.5.2}% 39
\BOOKMARK [2][-]{subsection.5.2.4}{\376\377\000R\000u\000l\000e\000\040\000A\000c\000t\000i\000v\000a\000t\000i\000o\000n\000\040\000A\000n\000a\000l\000y\000s\000i\000s}{section.5.2}% 40
\BOOKMARK [1][-]{section.5.3}{\376\377\000M\000a\000z\000e\000\040\000S\000o\000l\000v\000e\000r\000\040\000R\000e\000s\000u\000l\000t\000s}{chapter.5}% 41
\BOOKMARK [2][-]{subsection.5.3.1}{\376\377\000E\000x\000p\000l\000o\000r\000a\000t\000i\000o\000n\000\040\000M\000a\000p}{section.5.3}% 42
\BOOKMARK [2][-]{subsection.5.3.2}{\376\377\000S\000p\000e\000e\000d\000\040\000R\000e\000g\000u\000l\000a\000t\000i\000o\000n}{section.5.3}% 43
\BOOKMARK [2][-]{subsection.5.3.3}{\376\377\000M\000a\000z\000e\000\040\000S\000o\000l\000v\000e\000r\000\040\000P\000e\000r\000f\000o\000r\000m\000a\000n\000c\000e}{section.5.3}% 44
\BOOKMARK [0][-]{chapter.6}{\376\377\000C\000o\000n\000c\000l\000u\000s\000i\000o\000n\000s\000\040\000a\000n\000d\000\040\000P\000e\000r\000s\000p\000e\000c\000t\000i\000v\000e\000s}{}% 45
\BOOKMARK [1][-]{section.6.1}{\376\377\000C\000o\000n\000c\000l\000u\000s\000i\000o\000n\000s}{chapter.6}% 46
\BOOKMARK [1][-]{section.6.2}{\376\377\000S\000y\000n\000t\000h\000e\000s\000i\000s\000\040\000o\000f\000\040\000C\000o\000n\000t\000r\000i\000b\000u\000t\000i\000o\000n\000s}{chapter.6}% 47
\BOOKMARK [1][-]{section.6.3}{\376\377\000P\000e\000r\000s\000p\000e\000c\000t\000i\000v\000e\000s\000\040\000f\000o\000r\000\040\000D\000e\000v\000e\000l\000o\000p\000m\000e\000n\000t}{chapter.6}% 48
